Traceback (most recent call last):
  File "/cwd/tests/highlevel/special-pins-bash.py", line 29, in <module>
    ctx.tf.WRONG = 12
AttributeError: Cannot define new special pins before translation
Traceback (most recent call last):
  File "/cwd/tests/highlevel/special-pins-bash.py", line 36, in <module>
    ctx.tf["WRONG"] = 12
AttributeError: Cannot define new special pins before translation
Traceback (most recent call last):
  File "/cwd/tests/highlevel/special-pins-bash.py", line 44, in <module>
    ctx.tf.WRONG = 12
AttributeError: Cannot define new special pins like this, use add_special_pin
Traceback (most recent call last):
  File "/cwd/tests/highlevel/special-pins-bash.py", line 51, in <module>
    ctx.tf["WRONG"] = 12
AttributeError: Cannot define new special pins like this, use add_special_pin
Traceback (most recent call last):
  File "/cwd/tests/highlevel/special-pins-bash.py", line 58, in <module>
    ctx.tf.add_special_pin("nonsense", "bool")
ValueError: Special pinname must be all uppercase
None
Status: {'tf': '*tf*: Status: upstream => SPECIAL undefined'}
Traceback (most recent call last):
  File "/cwd/tests/highlevel/special-pins-bash.py", line 79, in <module>
    ctx.tf.SPECIAL = 12
AttributeError: Special pins must be set using bracket syntax
OK
*************************************************
* Result
*************************************************
42
*************************************************
* Standard output
*************************************************
3
4
SPECIAL This must be printed

*************************************************
Execution time: 0.0 seconds
*************************************************
9713f4bf49c96285c5d4d5c62bba357f8c3eb055d5451bbe951d3ad6d1b7486e
*************************************************
* Result
*************************************************
42
*************************************************
* Standard output
*************************************************
3
4
SPECIAL This must be printed

*************************************************
Execution time: 0.0 seconds
*************************************************
9713f4bf49c96285c5d4d5c62bba357f8c3eb055d5451bbe951d3ad6d1b7486e
Nothing printed
/Nothing printed
3
4
SPECIAL This will be printed IN THE END
*************************************************
* Result
*************************************************
42
*************************************************
* Standard output
*************************************************
3
4
SPECIAL This will be printed IN THE END

*************************************************
Execution time: 0.0 seconds
*************************************************
